<?xml version="1.0" encoding="UTF-8"?>
<testsuite xmlns:xsi="http://www.w3.org/2001/XMLSchema-instance" xsi:noNamespaceSchemaLocation="https://maven.apache.org/surefire/maven-surefire-plugin/xsd/surefire-test-report-3.0.xsd" version="3.0" name="com.training.payments_application.BookServiceTest" time="11.468" tests="4" errors="0" skipped="0" failures="1">
  <properties>
[...]
</properties>
  <testcase name="testFindAll" classname="com.training.payments_application.BookServiceTest" time="0.096">
    <system-out><![CDATA[10:08:39.119 [main] INFO org.springframework.test.context.support.AnnotationConfigContextLoaderUtils -- Could not detect default configuration classes for test class [com.training.payments_application.BookServiceTest]: BookServiceTest does not declare any static, non-private, non-final, nested classes annotated with @Configuration.
10:08:39.408 [main] INFO org.springframework.boot.test.context.SpringBootTestContextBootstrapper -- Found @SpringBootConfiguration com.training.payments_application.PaymentsApplication for test class com.training.payments_application.BookServiceTest
10:08:39.823 [main] INFO org.springframework.boot.devtools.restart.RestartApplicationListener -- Restart disabled due to context in which it is running

  .   ____          _            __ _ _
 /\\ / ___'_ __ _ _(_)_ __  __ _ \ \ \ \
( ( )\___ | '_ | '_| | '_ \/ _` | \ \ \ \
 \\/  ___)| |_)| | | | | || (_| |  ) ) ) )
  '  |____| .__|_| |_|_| |_\__, | / / / /
 =========|_|==============|___/=/_/_/_/

 :: Spring Boot ::                (v3.3.2)

2024-08-01T10:08:40.321Z  INFO 8256 --- [payments-application] [           main] c.t.p.BookServiceTest                    : Starting BookServiceTest using Java 17.0.7 with PID 8256 (started by Administrator in C:\Users\Administrator\Downloads\payments-application)
2024-08-01T10:08:40.326Z  INFO 8256 --- [payments-application] [           main] c.t.p.BookServiceTest                    : No active profile set, falling back to 1 default profile: "default"
2024-08-01T10:08:42.053Z  INFO 8256 --- [payments-application] [           main] .s.d.r.c.RepositoryConfigurationDelegate : Bootstrapping Spring Data JPA repositories in DEFAULT mode.
2024-08-01T10:08:42.155Z  INFO 8256 --- [payments-application] [           main] .s.d.r.c.RepositoryConfigurationDelegate : Finished Spring Data repository scanning in 89 ms. Found 2 JPA repository interfaces.
2024-08-01T10:08:45.195Z  INFO 8256 --- [payments-application] [           main] o.hibernate.jpa.internal.util.LogHelper  : HHH000204: Processing PersistenceUnitInfo [name: default]
2024-08-01T10:08:45.332Z  INFO 8256 --- [payments-application] [           main] org.hibernate.Version                    : HHH000412: Hibernate ORM core version 6.5.2.Final
2024-08-01T10:08:45.427Z  INFO 8256 --- [payments-application] [           main] o.h.c.internal.RegionFactoryInitiator    : HHH000026: Second-level cache disabled
2024-08-01T10:08:45.724Z  INFO 8256 --- [payments-application] [           main] o.s.o.j.p.SpringPersistenceUnitInfo      : No LoadTimeWeaver setup: ignoring JPA class transformer
2024-08-01T10:08:45.773Z  INFO 8256 --- [payments-application] [           main] com.zaxxer.hikari.HikariDataSource       : HikariPool-1 - Starting...
2024-08-01T10:08:46.444Z  INFO 8256 --- [payments-application] [           main] com.zaxxer.hikari.pool.HikariPool        : HikariPool-1 - Added connection com.mysql.cj.jdbc.ConnectionImpl@71f056a
2024-08-01T10:08:46.448Z  INFO 8256 --- [payments-application] [           main] com.zaxxer.hikari.HikariDataSource       : HikariPool-1 - Start completed.
2024-08-01T10:08:48.152Z  INFO 8256 --- [payments-application] [           main] o.h.e.t.j.p.i.JtaPlatformInitiator       : HHH000489: No JTA platform available (set 'hibernate.transaction.jta.platform' to enable JTA platform integration)
2024-08-01T10:08:48.235Z  INFO 8256 --- [payments-application] [           main] j.LocalContainerEntityManagerFactoryBean : Initialized JPA EntityManagerFactory for persistence unit 'default'
2024-08-01T10:08:49.071Z  WARN 8256 --- [payments-application] [           main] JpaBaseConfiguration$JpaWebConfiguration : spring.jpa.open-in-view is enabled by default. Therefore, database queries may be performed during view rendering. Explicitly configure spring.jpa.open-in-view to disable this warning
2024-08-01T10:08:50.044Z  INFO 8256 --- [payments-application] [           main] c.t.p.BookServiceTest                    : Started BookServiceTest in 10.249 seconds (process running for 12.427)
]]></system-out>
  </testcase>
  <testcase name="testFindById" classname="com.training.payments_application.BookServiceTest" time="0.024">
    <failure message="expected: &lt;Foundation&gt; but was: &lt;Homo deus&gt;" type="org.opentest4j.AssertionFailedError"><![CDATA[org.opentest4j.AssertionFailedError: expected: <Foundation> but was: <Homo deus>
	at org.junit.jupiter.api.AssertionFailureBuilder.build(AssertionFailureBuilder.java:151)
	at org.junit.jupiter.api.AssertionFailureBuilder.buildAndThrow(AssertionFailureBuilder.java:132)
	at org.junit.jupiter.api.AssertEquals.failNotEqual(AssertEquals.java:197)
	at org.junit.jupiter.api.AssertEquals.assertEquals(AssertEquals.java:182)
	at org.junit.jupiter.api.AssertEquals.assertEquals(AssertEquals.java:177)
	at org.junit.jupiter.api.Assertions.assertEquals(Assertions.java:1145)
	at com.training.payments_application.BookServiceTest.testFindById(BookServiceTest.java:71)
	at java.base/java.lang.reflect.Method.invoke(Method.java:568)
	at java.base/java.util.ArrayList.forEach(ArrayList.java:1511)
	at java.base/java.util.ArrayList.forEach(ArrayList.java:1511)
]]></failure>
  </testcase>
  <testcase name="addBookTest" classname="com.training.payments_application.BookServiceTest" time="0.008"/>
  <testcase name="testIdNoFound" classname="com.training.payments_application.BookServiceTest" time="0.012"/>
</testsuite>